app/manifest-merger-release-report.txt
-- Merging decision tree log ---
manifest
ADDED from AndroidManifest.xml:1:1
	package
		ADDED from AndroidManifest.xml:2:5
		INJECTED from AndroidManifest.xml:0:0
		INJECTED from AndroidManifest.xml:0:0
	android:versionName
		INJECTED from AndroidManifest.xml:0:0
		INJECTED from AndroidManifest.xml:0:0
	xmlns:android
		ADDED from AndroidManifest.xml:1:11
	android:versionCode
		INJECTED from AndroidManifest.xml:0:0
		INJECTED from AndroidManifest.xml:0:0
uses-permission#android.permission.WAKE_LOCK
ADDED from AndroidManifest.xml:4:5
	android:name
		ADDED from AndroidManifest.xml:4:22
application
ADDED from AndroidManifest.xml:5:5
	android:label
		ADDED from AndroidManifest.xml:5:45
	android:allowBackup
		ADDED from AndroidManifest.xml:5:18
	android:icon
		ADDED from AndroidManifest.xml:6:9
	android:theme
		ADDED from AndroidManifest.xml:6:46
activity#com.technolab.galaxy.arcanoid.SplashActivity
ADDED from AndroidManifest.xml:7:9
	android:screenOrientation
		ADDED from AndroidManifest.xml:7:83
	android:label
		ADDED from AndroidManifest.xml:7:50
	android:name
		ADDED from AndroidManifest.xml:7:19
intent-filter#android.intent.action.MAIN+android.intent.category.LAUNCHER
ADDED from AndroidManifest.xml:8:13
action#android.intent.action.MAIN
ADDED from AndroidManifest.xml:9:17
	android:name
		ADDED from AndroidManifest.xml:9:25
category#android.intent.category.LAUNCHER
ADDED from AndroidManifest.xml:10:17
	android:name
		ADDED from AndroidManifest.xml:10:27
activity#com.technolab.galaxy.arcanoid.ArcanoidActivity
ADDED from AndroidManifest.xml:14:9
	android:screenOrientation
		ADDED from AndroidManifest.xml:14:85
	android:label
		ADDED from AndroidManifest.xml:14:52
	android:name
		ADDED from AndroidManifest.xml:14:19
activity#com.technolab.galaxy.arcanoid.CommandActivity
ADDED from AndroidManifest.xml:15:9
	android:screenOrientation
		ADDED from AndroidManifest.xml:15:84
	android:label
		ADDED from AndroidManifest.xml:15:51
	android:name
		ADDED from AndroidManifest.xml:15:19
activity#com.technolab.galaxy.arcanoid.LoseActivity
ADDED from AndroidManifest.xml:16:9
	android:label
		ADDED from AndroidManifest.xml:16:48
	android:theme
		ADDED from AndroidManifest.xml:16:81
	android:name
		ADDED from AndroidManifest.xml:16:19
activity#com.technolab.galaxy.arcanoid.WinActivity
ADDED from AndroidManifest.xml:17:9
	android:label
		ADDED from AndroidManifest.xml:17:47
	android:theme
		ADDED from AndroidManifest.xml:17:80
	android:name
		ADDED from AndroidManifest.xml:17:19
uses-sdk
INJECTED from AndroidManifest.xml:0:0 reason: use-sdk injection requested
	android:targetSdkVersion
		INJECTED from AndroidManifest.xml:0:0
		INJECTED from AndroidManifest.xml:0:0
	android:minSdkVersion
		INJECTED from AndroidManifest.xml:0:0
		INJECTED from AndroidManifest.xml:0:0